Arguments: 
  /usr/local/bin/node /usr/bin/yarn

PATH: 
  /home/david/bin:/usr/local/bin:/usr/local/bin:/usr/bin:/bin:/usr/local/sbin:/opt/android-sdk/tools:/opt/android-sdk/tools/bin:/usr/lib/jvm/default/bin:/usr/bin/site_perl:/usr/bin/vendor_perl:/usr/bin/core_perl:/var/lib/snapd/snap/bin:~/opt/flutter/bin

Yarn version: 
  1.22.17

Node version: 
  16.14.2

Platform: 
  linux x64

Trace: 
  Error: getaddrinfo EAI_AGAIN registry.yarnpkg.com
      at GetAddrInfoReqWrap.onlookup [as oncomplete] (node:dns:71:26)

npm manifest: 
  {
    "name": "darumi-homepage",
    "version": "1.0.0",
    "description": "Darumi's website",
    "scripts": {
      "dev": "next dev -H 0.0.0.0",
      "build": "next build",
      "start": "next start",
      "export": "next export",
      "prettier": "prettier --write .",
      "lint": "next lint"
    },
    "keywords": [],
    "author": "darumi00s",
    "license": "ISC",
    "dependencies": {
      "@chakra-ui/icons": "^1.1.7",
      "@chakra-ui/react": "^1.8.8",
      "@emotion/react": "^11.9.0",
      "@emotion/styled": "^11.8.1",
      "framer-motion": "^6.3.0",
      "next": "^12.1.6",
      "react": "^16.8.6",
      "react-dom": "^17.0.2",
      "react-icons": "^4.3.1"
    },
    "devDependencies": {
      "eslint": "^8.13.0",
      "eslint-config-next": "^12.1.5",
      "prettier": "^2.6.2"
    }
  }

yarn manifest: 
  No manifest

Lockfile: 
  No lockfile
